This is pdfeTeXk, Version 3.141592-1.21a-2.2 (Web2C 7.5.4) (format=pdflatex 2008.12.23)  6 NOV 2010 18:30
entering extended mode
 file:line:error style messages enabled.
 %&-line parsing enabled.
**RDDL
(./RDDL.tex
LaTeX2e <2003/12/01>
Babel <v3.8d> and hyphenation patterns for american, french, german, ngerman, b
ahasa, basque, bulgarian, catalan, croatian, czech, danish, dutch, esperanto, e
stonian, finnish, greek, icelandic, irish, italian, latin, magyar, norsk, polis
h, portuges, romanian, russian, serbian, slovak, slovene, spanish, swedish, tur
kish, ukrainian, nohyphenation, loaded.
(/usr/share/texmf/tex/latex/base/article.cls
Document Class: article 2004/02/16 v1.4f Standard LaTeX document class
(/usr/share/texmf/tex/latex/base/size11.clo
File: size11.clo 2004/02/16 v1.4f Standard LaTeX file (size option)
)
\c@part=\count79
\c@section=\count80
\c@subsection=\count81
\c@subsubsection=\count82
\c@paragraph=\count83
\c@subparagraph=\count84
\c@figure=\count85
\c@table=\count86
\abovecaptionskip=\skip41
\belowcaptionskip=\skip42
\bibindent=\dimen102
)
(/usr/share/texmf/tex/latex/tools/verbatim.sty
Package: verbatim 2003/08/22 v1.5q LaTeX2e package for verbatim enhancements
\every@verbatim=\toks14
\verbatim@line=\toks15
\verbatim@in@stream=\read1
)
(/usr/share/texmf/tex/latex/graphics/graphicx.sty
Package: graphicx 1999/02/16 v1.0f Enhanced LaTeX Graphics (DPC,SPQR)

(/usr/share/texmf/tex/latex/graphics/keyval.sty
Package: keyval 1999/03/16 v1.13 key=value parser (DPC)
\KV@toks@=\toks16
)
(/usr/share/texmf/tex/latex/graphics/graphics.sty
Package: graphics 2001/07/07 v1.0n Standard LaTeX Graphics (DPC,SPQR)

(/usr/share/texmf/tex/latex/graphics/trig.sty
Package: trig 1999/03/16 v1.09 sin cos tan (DPC)
)
(/usr/share/texmf/tex/latex/graphics/graphics.cfg
File: graphics.cfg 2005/02/03 v1.3 graphics configuration of teTeX/TeXLive
)
Package graphics Info: Driver file: pdftex.def on input line 80.

(/usr/share/texmf/tex/latex/graphics/pdftex.def
File: pdftex.def 2002/06/19 v0.03k graphics/color for pdftex
\Gread@gobject=\count87
))
\Gin@req@height=\dimen103
\Gin@req@width=\dimen104
)
(/usr/share/texmf/tex/latex/parskip/parskip.sty
Package: parskip 2001/04/09 non-zero parskip adjustments
)
(/usr/share/texmf/tex/latex/url/url.sty
\Urlmuskip=\muskip10
Package: url 2004/03/15  ver 3.1  Verb mode for urls, etc.
)
(/usr/share/texmf/tex/latex/hyperref/hyperref.sty
Package: hyperref 2003/11/30 v6.74m Hypertext links for LaTeX
\@linkdim=\dimen105
\Hy@linkcounter=\count88
\Hy@pagecounter=\count89

(/usr/share/texmf/tex/latex/hyperref/pd1enc.def
File: pd1enc.def 2003/11/30 v6.74m Hyperref: PDFDocEncoding definition (HO)
)
(/usr/share/texmf/tex/latex/hyperref/hyperref.cfg
File: hyperref.cfg 2002/06/06 v1.2 hyperref configuration of TeXLive and teTeX
)
Package hyperref Info: Option `colorlinks' set `true' on input line 1830.
Package hyperref Info: Hyper figures OFF on input line 1880.
Package hyperref Info: Link nesting OFF on input line 1885.
Package hyperref Info: Hyper index ON on input line 1888.
Package hyperref Info: Plain pages ON on input line 1893.
Package hyperref Info: Backreferencing OFF on input line 1900.

Implicit mode ON; LaTeX internals redefined
Package hyperref Info: Bookmarks ON on input line 2004.
LaTeX Info: Redefining \url on input line 2143.
\Fld@menulength=\count90
\Field@Width=\dimen106
\Fld@charsize=\dimen107
\Choice@toks=\toks17
\Field@toks=\toks18
Package hyperref Info: Hyper figures OFF on input line 2618.
Package hyperref Info: Link nesting OFF on input line 2623.
Package hyperref Info: Hyper index ON on input line 2626.
Package hyperref Info: backreferencing OFF on input line 2633.
Package hyperref Info: Link coloring ON on input line 2636.
\c@Item=\count91
\c@Hfootnote=\count92
)
*hyperref using default driver hpdftex*
(/usr/share/texmf/tex/latex/hyperref/hpdftex.def
File: hpdftex.def 2003/11/30 v6.74m Hyperref driver for pdfTeX

(/usr/share/texmf/tex/latex/psnfss/pifont.sty
Package: pifont 2004/09/15 PSNFSS-v9.2 Pi font support (SPQR) 
LaTeX Font Info:    Try loading font information for U+pzd on input line 63.

(/usr/share/texmf/tex/latex/psnfss/upzd.fd
File: upzd.fd 2001/06/04 font definitions for U/pzd.
)
LaTeX Font Info:    Try loading font information for U+psy on input line 64.

(/usr/share/texmf/tex/latex/psnfss/upsy.fd
File: upsy.fd 2001/06/04 font definitions for U/psy.
))
\Fld@listcount=\count93
\@outlinefile=\write3
)
(/usr/share/texmf/tex/latex/listings/listings.sty
\lst@mode=\count94
\lst@gtempboxa=\box26
\lst@token=\toks19
\lst@length=\count95
\lst@currlwidth=\dimen108
\lst@column=\count96
\lst@pos=\count97
\lst@lostspace=\dimen109
\lst@width=\dimen110
\lst@newlines=\count98
\lst@lineno=\count99
\c@lstlisting=\count100
\lst@maxwidth=\dimen111

(/usr/share/texmf/tex/latex/listings/lstpatch.sty
File: lstpatch.sty 2004/10/17 1.3b (Carsten Heinz)
)
(/usr/share/texmf/tex/latex/listings/lstmisc.sty
File: lstmisc.sty 2004/09/07 1.3 (Carsten Heinz)
\c@lstnumber=\count101
\lst@skipnumbers=\count102
\lst@framebox=\box27
)
(/usr/share/texmf/tex/latex/listings/listings.cfg
File: listings.cfg 2004/09/05 1.3 listings configuration
))
Package: listings 2004/10/17 1.3b (Carsten Heinz)

(/usr/share/texmf/tex/latex/graphics/color.sty
Package: color 1999/02/16 v1.0i Standard LaTeX Color (DPC)

(/usr/share/texmf/tex/latex/graphics/color.cfg
File: color.cfg 2005/02/03 v1.3 color configuration of teTeX/TeXLive
)
Package color Info: Driver file: pdftex.def on input line 125.
)
(/usr/share/texmf/tex/latex/geometry/geometry.sty
Package: geometry 2002/07/08 v3.2 Page Geometry
\Gm@cnth=\count103
\Gm@cntv=\count104
\c@Gm@tempcnt=\count105
\Gm@bindingoffset=\dimen112
\Gm@wd@mp=\dimen113
\Gm@odd@mp=\dimen114
\Gm@even@mp=\dimen115
\Gm@dimlist=\toks20

(/usr/share/texmf/tex/latex/geometry/geometry.cfg)) (./RDDL.aux)
\openout1 = `RDDL.aux'.

LaTeX Font Info:    Checking defaults for OML/cmm/m/it on input line 59.
LaTeX Font Info:    ... okay on input line 59.
LaTeX Font Info:    Checking defaults for T1/cmr/m/n on input line 59.
LaTeX Font Info:    ... okay on input line 59.
LaTeX Font Info:    Checking defaults for OT1/cmr/m/n on input line 59.
LaTeX Font Info:    ... okay on input line 59.
LaTeX Font Info:    Checking defaults for OMS/cmsy/m/n on input line 59.
LaTeX Font Info:    ... okay on input line 59.
LaTeX Font Info:    Checking defaults for OMX/cmex/m/n on input line 59.
LaTeX Font Info:    ... okay on input line 59.
LaTeX Font Info:    Checking defaults for U/cmr/m/n on input line 59.
LaTeX Font Info:    ... okay on input line 59.
LaTeX Font Info:    Checking defaults for PD1/pdf/m/n on input line 59.
LaTeX Font Info:    ... okay on input line 59.

(/usr/share/texmf/tex/context/base/supp-pdf.tex
(/usr/share/texmf/tex/context/base/supp-mis.tex
loading : Context Support Macros / Miscellaneous (2004.10.26)
\protectiondepth=\count106
\scratchcounter=\count107
\scratchtoks=\toks21
\scratchdimen=\dimen116
\scratchskip=\skip43
\scratchmuskip=\muskip11
\scratchbox=\box28
\scratchread=\read2
\scratchwrite=\write4
\zeropoint=\dimen117
\onepoint=\dimen118
\onebasepoint=\dimen119
\minusone=\count108
\thousandpoint=\dimen120
\onerealpoint=\dimen121
\emptytoks=\toks22
\nextbox=\box29
\nextdepth=\dimen122
\everyline=\toks23
\!!counta=\count109
\!!countb=\count110
\recursecounter=\count111
)
loading : Context Support Macros / PDF (2004.03.26)
\nofMPsegments=\count112
\nofMParguments=\count113
\MPscratchCnt=\count114
\MPscratchDim=\dimen123
\MPnumerator=\count115
\everyMPtoPDFconversion=\toks24
)
Package hyperref Info: Link coloring ON on input line 59.
 (/usr/share/texmf/tex/latex/hyperref/nameref.sty
Package: nameref 2003/12/03 v2.21 Cross-referencing by name of section
\c@section@level=\count116
)
LaTeX Info: Redefining \ref on input line 59.
LaTeX Info: Redefining \pageref on input line 59.
 (./RDDL.out) (./RDDL.out)
\openout3 = `RDDL.out'.

-------------------- Geometry parameters
paper: a4paper
landscape: --
twocolumn: --
twoside: --
asymmetric: --
h-parts: 90.70341pt, 416.10104pt, 90.70341pt
v-parts: 98.65863pt, 598.40027pt, 147.98795pt
hmarginratio: 1:1
vmarginratio: 2:3
lines: --
heightrounded: --
bindingoffset: 0.0pt
truedimen: --
includehead: --
includefoot: --
includemp: --
driver: pdftex
-------------------- Page layout dimensions and switches
\paperwidth  597.50787pt
\paperheight 845.04684pt
\textwidth  416.10104pt
\textheight 598.40027pt
\oddsidemargin  18.43343pt
\evensidemargin 18.43343pt
\topmargin  -10.61136pt
\headheight 12.0pt
\headsep    25.0pt
\footskip   30.0pt
\marginparwidth 50.0pt
\marginparsep   10.0pt
\columnsep  10.0pt
\skip\footins  10.0pt plus 4.0pt minus 2.0pt
\hoffset 0.0pt
\voffset 0.0pt
\mag 1000

(1in=72.27pt, 1cm=28.45pt)
-----------------------
LaTeX Font Info:    External font `cmex10' loaded for size
(Font)              <12> on input line 69.
LaTeX Font Info:    External font `cmex10' loaded for size
(Font)              <8> on input line 69.
LaTeX Font Info:    External font `cmex10' loaded for size
(Font)              <6> on input line 69.

(./RDDL.toc
LaTeX Font Info:    External font `cmex10' loaded for size
(Font)              <10.95> on input line 3.
LaTeX Font Info:    Font shape `OT1/cmtt/bx/n' in size <10.95> not available
(Font)              Font shape `OT1/cmtt/m/n' tried instead on input line 20.
)
\tf@toc=\write5
\openout5 = `RDDL.toc'.

 [1

{/var/lib/texmf/fonts/map/pdftex/updmap/pdftex.map}]
LaTeX Font Info:    External font `cmex10' loaded for size
(Font)              <9> on input line 123.
LaTeX Font Info:    External font `cmex10' loaded for size
(Font)              <5> on input line 123.
 [2]
LaTeX Font Info:    Try loading font information for OMS+cmr on input line 180.


(/usr/share/texmf/tex/latex/base/omscmr.fd
File: omscmr.fd 1999/05/25 v2.5h Standard LaTeX font definitions
)
LaTeX Font Info:    Font shape `OMS/cmr/m/n' in size <10.95> not available
(Font)              Font shape `OMS/cmsy/m/n' tried instead on input line 180.
 [3] [4]
Overfull \hbox (37.49808pt too wide) in paragraph at lines 259--260
[][][][][][][][][][] 
 []


Overfull \hbox (37.49808pt too wide) in paragraph at lines 260--261
[][][][][][][][][][][][][][][][][][][][][][][][][][][][][][][][][][][][][][][][
][][][][][][][][][][][][][][][][][][][][][][][][][][][][][][] 
 []


Overfull \hbox (37.49808pt too wide) in paragraph at lines 263--264
[][][][][][][][][][] 
 []


Overfull \hbox (18.59811pt too wide) in paragraph at lines 268--269
[][][][][][][][][][][][][][][][][][][][][][][][][][][][][][][][][][][][][][][][
][][][][][][][][][][][][][][][][][][][][][][][][][][][][] 
 []


Overfull \hbox (50.09805pt too wide) in paragraph at lines 282--284
[][][][][][][][][][][][][][][][][][][][][][][][][][][][][][][][][][] 
 []


Overfull \hbox (56.39804pt too wide) in paragraph at lines 299--300
[][][][][][][][][][][][][][][][][][][][][][][][][][][][][][][][][][][][][][][][
][][][][][][][][][][][][][][][][][][][][][][][][][][][][][][][][][][][][][][][]
[] 
 []

<dbn_prop.pdf, id=200, 542.025pt x 245.91875pt>
File: dbn_prop.pdf Graphic file (type pdf)
 <use dbn_prop.pdf> [5]
LaTeX Font Info:    External font `cmex10' loaded for size
(Font)              <7> on input line 345.
 [6 <./dbn_prop.pdf>] [7]
Overfull \hbox (37.49808pt too wide) in paragraph at lines 418--419
[][][][][][][][][][] 
 []


Overfull \hbox (5.99814pt too wide) in paragraph at lines 419--420
[][][][][][][][][][][][][][][][][][][][][][][][][][][][][][][][][][][][][][][][
][][][][][][][][][][][][][][][][][][][][][][][][][][][][][][][][][] 
 []


Overfull \hbox (12.29813pt too wide) in paragraph at lines 420--421
[][][][][][][][][][][][][][][][][][][][][][][][][][][][][][][][][][][][][][][][
][][][][][][][][][][][][][][][][][][][][][][][][][][][][][][] 
 []


Overfull \hbox (37.49808pt too wide) in paragraph at lines 424--425
[][][][][][][][][][] 
 []


Overfull \hbox (5.99814pt too wide) in paragraph at lines 428--429
[][][][][][][][][][][][][][][][][][][][][][][][][][][][][][][][][][][][][][][][
][][][][][][][] 
 []


Overfull \hbox (50.09805pt too wide) in paragraph at lines 461--463
[][][][][][][][][][][][][][][][][][][][][][][][][][][][][][][][][][] 
 []

[8]
Overfull \hbox (5.99814pt too wide) in paragraph at lines 483--484
[][][][][][][][][][][][][][][][][][][][][][][][][][][][][][][][] 
 []


Overfull \hbox (62.69803pt too wide) in paragraph at lines 486--487
[][][][][][][][][][][][][][][][][][][][][][][][][][][][][][][][][][][][][][][][
][][][][][][][][][][][][][][][][][][][][][][][][][][][][][][][][][][][][][][][]
[][][][][][][] 
 []

<dbn_types_interm_po.pdf, id=339, 542.025pt x 223.83624pt>
File: dbn_types_interm_po.pdf Graphic file (type pdf)

<use dbn_types_interm_po.pdf>
Overfull \hbox (31.47115pt too wide) in paragraph at lines 504--508
[]  [] 
 []

[9] [10 <./dbn_types_interm_po.pdf>] [11]
Overfull \hbox (12.29813pt too wide) in paragraph at lines 626--627
[][][][][][][][][][] 
 []


Overfull \hbox (5.99814pt too wide) in paragraph at lines 627--628
[][][][][][][][][][][][][][][][][][][][][][][][][][][][][][][][][][][][][][][][
][][][][][][][][][][][][][][][][][][][][][][][][][][][][][][][][][][][][][][][]
[][][][][][] 
 []


Overfull \hbox (12.29813pt too wide) in paragraph at lines 632--633
[][][][][][][][][][] 
 []


Overfull \hbox (62.69803pt too wide) in paragraph at lines 645--647
[][][][][][][][][][][][][][][][][][][][][][][][][][][][][][][][][][][][][][][] 

 []


Overfull \hbox (18.59811pt too wide) in paragraph at lines 648--649
[][][][][][][][][][][][][][][][][][][][][][][][][][][][][][][][][][][][][][][][
][] 
 []


Overfull \hbox (43.79807pt too wide) in paragraph at lines 649--650
[][][][][][][][][][][][][][][][][][][][][][][][][][][][][][][][][][][][][][][] 

 []


Overfull \hbox (12.29813pt too wide) in paragraph at lines 650--651
[][][][][][][][][][][][][][][][][][][][][][][][][][][][][][][][][][][][][][][][
][] 
 []


Overfull \hbox (18.59811pt too wide) in paragraph at lines 657--658
[][][][][][][][][][][][][][][][][][][][][][][][][][][][][][][][][][][][][][][][
][][][][][][][][][][][][][][][][][][][][][][][][][][][][][][][][][] 
 []


Overfull \hbox (31.19809pt too wide) in paragraph at lines 658--659
[][][][][][][][][][][][][][][][][][][][][][][][][][][][][][][][][][][][][][][][
][][][][][][][][][][][][][][][][][][][][][][][][][][][] 
 []


Overfull \hbox (43.79807pt too wide) in paragraph at lines 661--662
[][][][][][][][][][][][][][][][][][][][][][][][][][][][][][][][][][][][][][][][
][][][][][][][][][][][][][][][][][][][] 
 []


Overfull \hbox (68.99802pt too wide) in paragraph at lines 662--663
[][][][][][][][][][][][][][][][][][][][][][][][][][][][][][][][][][][][][][][][
][][][][][][][][][][][][][][][][][][][][][][][][][][][][][][][][][][][][][][][]
[][][][][][][][][][] 
 []


Overfull \hbox (31.19809pt too wide) in paragraph at lines 663--665
[][][][][][][][][][][][][][][][][][][][][][][][][][][][][][][][][][][][][][][][
][][][][][][][][][][][][][][][][][][][] 
 []


Overfull \hbox (18.59811pt too wide) in paragraph at lines 672--674
[][][][][][][][][][][][][][][][][][][][][][][][][][][][][][][] 
 []

[12]
Overfull \hbox (5.99814pt too wide) in paragraph at lines 678--679
[][][][][][][][][][][][][][][][][][][][] 
 []


Overfull \hbox (5.99814pt too wide) in paragraph at lines 688--689
[][][][][][][][][][][][][][][][][][][][][][][][][][][][][][][][][][][][][][][][
][][][][][][][][][][][][][] 
 []


Overfull \hbox (50.09805pt too wide) in paragraph at lines 691--692
[][][][][][][][][][][][][][][][][][][][][][][][][][][][][][][][][][][][][][][][
][][][][][][][][][][][][][][][][][][][][][][][][][][][][][][][][][][][][][] 
 []


Overfull \hbox (12.29813pt too wide) in paragraph at lines 692--693
[][][][][][][][][][][][][][][][][][][][][][][][][][][][][][][][][][][][][][] 
 []


Overfull \hbox (50.09805pt too wide) in paragraph at lines 704--705
[][][][][][][][][][][][][][][][][][][][][][][][][][][][][][][][][][][][][][][][
][][][][][][][][][][] 
 []


Overfull \hbox (62.69803pt too wide) in paragraph at lines 705--706
[][][][][][][][][][][][][][][][][][][][][][][][][][][][][][][][][][][][][] 
 []


Overfull \hbox (62.69803pt too wide) in paragraph at lines 706--707
[][][][][][][][][][][][][][][][][][][][][][][][][][][][][][][][][][][][][] 
 []


Overfull \hbox (62.69803pt too wide) in paragraph at lines 707--708
[][][][][][][][][][][][][][][][][][][][][][][][][][][][][][][][][][][][][] 
 []


Overfull \hbox (62.69803pt too wide) in paragraph at lines 708--709
[][][][][][][][][][][][][][][][][][][][][][][][][][][][][][][][][][][][][] 
 []


Overfull \hbox (43.79807pt too wide) in paragraph at lines 719--720
[][][][][][][][][][][][][][][][][][][][][][][][][][][][][][][][][][][][][][][][
][][][][][][][][][][][][][][][][][][][][][][][][][][][][][][][][][][][][][][] 
 []

<game_of_life2.pdf, id=448, 542.025pt x 505.89pt>
File: game_of_life2.pdf Graphic file (type pdf)
 <use game_of_life2.pdf>
Overfull \hbox (11.14377pt too wide) in paragraph at lines 730--734
[]  [] 
 []

[13] [14 <./game_of_life2.pdf>]
Overfull \hbox (6.62424pt too wide) in paragraph at lines 762--782
\OT1/cmtt/m/n/10.95 max-nondef-actions=3 \OT1/cmr/m/n/10.95 then up to three of
 $[](\OML/cmm/m/it/10.95 x\OT1/cmr/m/n/10.95 1\OML/cmm/m/it/10.95 ; y\OT1/cmr/m
/n/10.95 1)\OML/cmm/m/it/10.95 ; []\OT1/cmr/m/n/10.95 (\OML/cmm/m/it/10.95 x\OT
1/cmr/m/n/10.95 1\OML/cmm/m/it/10.95 ; y\OT1/cmr/m/n/10.95 2)\OML/cmm/m/it/10.9
5 ; []\OT1/cmr/m/n/10.95 (\OML/cmm/m/it/10.95 x\OT1/cmr/m/n/10.95 2\OML/cmm/m/i
t/10.95 ; y\OT1/cmr/m/n/10.95 1)\OML/cmm/m/it/10.95 ; []\OT1/cmr/m/n/10.95 (\OM
L/cmm/m/it/10.95 x\OT1/cmr/m/n/10.95 2\OML/cmm/m/it/10.95 ; y\OT1/cmr/m/n/10.95
 2)$
 []

[15] [16] [17]
Overfull \hbox (10.9461pt too wide) in paragraph at lines 918--922
\OT1/cmr/m/n/10.95 Allowed pvari-able types are \OT1/cmtt/m/n/10.95 non-fluent\
OT1/cmr/m/n/10.95 , \OT1/cmtt/m/n/10.95 state-fluent\OT1/cmr/m/n/10.95 , \OT1/c
mtt/m/n/10.95 action-fluent\OT1/cmr/m/n/10.95 , \OT1/cmtt/m/n/10.95 interm-flue
nt\OT1/cmr/m/n/10.95 ,
 []

[18] [19]
LaTeX Font Info:    Font shape `OT1/cmtt/bx/n' in size <14.4> not available
(Font)              Font shape `OT1/cmtt/m/n' tried instead on input line 1064.

 (./RDDL.bbl [20] [21]
Missing character: There is no ä in font cmr10!
Missing character: There is no ü in font cmr10!
Missing character: There is no à in font cmr10!
Missing character: There is no é in font cmr10!
) (Commented text...) [22] (./RDDL.aux) ) 
Here is how much of TeX's memory you used:
 4658 strings out of 94500
 64501 string characters out of 1176765
 148401 words of memory out of 1000000
 7480 multiletter control sequences out of 10000+50000
 13789 words of font info for 48 fonts, out of 500000 for 2000
 580 hyphenation exceptions out of 1000
 27i,8n,42p,471b,1473s stack positions out of 1500i,500n,5000p,200000b,5000s
PDF statistics:
 565 PDF objects out of 300000
 309 named destinations out of 131072
 144 words of extra memory for PDF output out of 65536
</usr/share/texmf/fonts/type1/bluesky/
cm/cmmi8.pfb></usr/share/texmf/fonts/type1/bluesky/cm/cmsy7.pfb></usr/share/tex
mf/fonts/type1/bluesky/cm/cmsy8.pfb></usr/share/texmf/fonts/type1/bluesky/cm/cm
ex10.pfb></usr/share/texmf/fonts/type1/bluesky/cm/cmmi10.pfb></usr/share/texmf/
fonts/type1/bluesky/cm/cmsy10.pfb></usr/share/texmf/fonts/type1/bluesky/cm/cmti
9.pfb></usr/share/texmf/fonts/type1/bluesky/cm/cmr9.pfb></usr/share/texmf/fonts
/type1/bluesky/cm/cmr6.pfb></usr/share/texmf/fonts/type1/bluesky/cm/cmr8.pfb></
usr/share/texmf/fonts/type1/bluesky/cm/cmti10.pfb></usr/share/texmf/fonts/type1
/bluesky/cm/cmtt10.pfb></usr/share/texmf/fonts/type1/bluesky/cm/cmr10.pfb></usr
/share/texmf/fonts/type1/bluesky/cm/cmbx10.pfb></usr/share/texmf/fonts/type1/bl
uesky/cm/cmtt12.pfb></usr/share/texmf/fonts/type1/bluesky/cm/cmr12.pfb></usr/sh
are/texmf/fonts/type1/bluesky/cm/cmbx12.pfb>
Output written on RDDL.pdf (22 pages, 276794 bytes).
