This is pdfeTeXk, Version 3.141592-1.21a-2.2 (Web2C 7.5.4) (format=pdflatex 2008.12.23)  30 OCT 2010 18:48
entering extended mode
 file:line:error style messages enabled.
 %&-line parsing enabled.
**prop_dbn.ps

! Emergency stop.
<*> prop_dbn.ps
               
End of file on the terminal!

 
Here is how much of TeX's memory you used:
 4 strings out of 94500
 101 string characters out of 1176765
 48348 words of memory out of 1000000
 3273 multiletter control sequences out of 10000+50000
 3640 words of font info for 14 fonts, out of 500000 for 2000
 580 hyphenation exceptions out of 1000
 0i,0n,0p,1b,6s stack positions out of 1500i,500n,5000p,200000b,5000s
PDF statistics:
 0 PDF objects out of 300000
 0 named destinations out of 131072
 1 words of extra memory for PDF output out of 65536
No pages of output.
